mode: set
integration-suricata-ndpi/internal/config/defaults.go:5.33,6.25 1 1
integration-suricata-ndpi/internal/config/defaults.go:6.25,8.3 1 1
integration-suricata-ndpi/internal/config/defaults.go:10.2,10.29 1 1
integration-suricata-ndpi/internal/config/defaults.go:10.29,12.3 1 1
integration-suricata-ndpi/internal/config/defaults.go:13.2,13.30 1 1
integration-suricata-ndpi/internal/config/defaults.go:13.30,15.3 1 1
integration-suricata-ndpi/internal/config/defaults.go:17.2,17.32 1 1
integration-suricata-ndpi/internal/config/defaults.go:17.32,19.3 1 1
integration-suricata-ndpi/internal/config/defaults.go:20.2,20.38 1 1
integration-suricata-ndpi/internal/config/defaults.go:20.38,22.3 1 1
integration-suricata-ndpi/internal/config/load.go:10.41,12.16 2 1
integration-suricata-ndpi/internal/config/load.go:12.16,14.3 1 0
integration-suricata-ndpi/internal/config/load.go:16.2,17.50 2 1
integration-suricata-ndpi/internal/config/load.go:17.50,19.3 1 0
integration-suricata-ndpi/internal/config/load.go:21.2,22.39 2 1
integration-suricata-ndpi/internal/config/load.go:22.39,24.3 1 0
integration-suricata-ndpi/internal/config/load.go:26.2,26.18 1 1
integration-suricata-ndpi/internal/config/validate.go:8.34,9.36 1 1
integration-suricata-ndpi/internal/config/validate.go:9.36,11.3 1 1
integration-suricata-ndpi/internal/config/validate.go:12.2,12.38 1 1
integration-suricata-ndpi/internal/config/validate.go:12.38,14.3 1 1
integration-suricata-ndpi/internal/config/validate.go:15.2,15.32 1 1
integration-suricata-ndpi/internal/config/validate.go:15.32,17.3 1 1
integration-suricata-ndpi/internal/config/validate.go:19.2,19.45 1 1
integration-suricata-ndpi/internal/config/validate.go:19.45,21.3 1 1
integration-suricata-ndpi/internal/config/validate.go:22.2,22.45 1 1
integration-suricata-ndpi/internal/config/validate.go:22.45,24.3 1 1
integration-suricata-ndpi/internal/config/validate.go:26.2,26.29 1 1
integration-suricata-ndpi/internal/config/validate.go:26.29,28.3 1 1
integration-suricata-ndpi/internal/config/validate.go:30.2,31.23 2 1
integration-suricata-ndpi/internal/config/validate.go:31.23,33.3 1 1
integration-suricata-ndpi/internal/config/validate.go:35.2,35.32 1 1
integration-suricata-ndpi/internal/config/validate.go:35.32,37.3 1 1
integration-suricata-ndpi/internal/config/validate.go:38.2,38.38 1 1
integration-suricata-ndpi/internal/config/validate.go:38.38,40.3 1 0
integration-suricata-ndpi/internal/config/validate.go:42.2,42.12 1 1
integration-suricata-ndpi/integration/apply_config.go:31.30,47.33 4 1
integration-suricata-ndpi/integration/apply_config.go:47.33,49.3 1 1
integration-suricata-ndpi/integration/apply_config.go:50.2,50.52 1 1
integration-suricata-ndpi/integration/apply_config.go:50.52,57.3 4 1
integration-suricata-ndpi/integration/apply_config.go:59.2,60.16 2 1
integration-suricata-ndpi/integration/apply_config.go:60.16,62.3 1 0
integration-suricata-ndpi/integration/apply_config.go:64.2,65.16 2 1
integration-suricata-ndpi/integration/apply_config.go:65.16,67.3 1 0
integration-suricata-ndpi/integration/apply_config.go:68.2,70.75 2 1
integration-suricata-ndpi/integration/apply_config.go:70.75,72.3 1 0
integration-suricata-ndpi/integration/apply_config.go:73.2,77.23 4 1
integration-suricata-ndpi/integration/apply_config.go:77.23,79.3 1 1
integration-suricata-ndpi/integration/apply_config.go:79.8,81.3 1 0
integration-suricata-ndpi/integration/apply_config.go:82.2,89.52 5 1
integration-suricata-ndpi/integration/apply_config.go:89.52,100.67 4 1
integration-suricata-ndpi/integration/apply_config.go:100.67,102.4 1 0
integration-suricata-ndpi/integration/apply_config.go:104.3,105.21 2 1
integration-suricata-ndpi/integration/apply_config.go:109.2,109.16 1 1
integration-suricata-ndpi/integration/apply_config.go:109.16,121.67 4 1
integration-suricata-ndpi/integration/apply_config.go:121.67,123.4 1 1
integration-suricata-ndpi/integration/apply_config.go:125.3,126.21 2 1
integration-suricata-ndpi/integration/apply_config.go:129.2,135.20 3 1
integration-suricata-ndpi/integration/atomic_write.go:8.72,12.16 3 1
integration-suricata-ndpi/integration/atomic_write.go:12.16,14.3 1 1
integration-suricata-ndpi/integration/atomic_write.go:15.2,17.15 2 1
integration-suricata-ndpi/integration/atomic_write.go:17.15,17.41 1 1
integration-suricata-ndpi/integration/atomic_write.go:19.2,19.43 1 1
integration-suricata-ndpi/integration/atomic_write.go:19.43,22.3 2 0
integration-suricata-ndpi/integration/atomic_write.go:23.2,23.40 1 1
integration-suricata-ndpi/integration/atomic_write.go:23.40,26.3 2 0
integration-suricata-ndpi/integration/atomic_write.go:27.2,27.36 1 1
integration-suricata-ndpi/integration/atomic_write.go:27.36,29.3 1 0
integration-suricata-ndpi/integration/atomic_write.go:31.2,31.33 1 1
integration-suricata-ndpi/integration/connect_suricata.go:15.97,17.16 2 1
integration-suricata-ndpi/integration/connect_suricata.go:17.16,19.3 1 1
integration-suricata-ndpi/integration/connect_suricata.go:21.2,24.16 3 1
integration-suricata-ndpi/integration/connect_suricata.go:24.16,30.3 2 0
integration-suricata-ndpi/integration/connect_suricata.go:33.2,40.8 3 1
integration-suricata-ndpi/integration/paths.go:9.56,10.26 1 1
integration-suricata-ndpi/integration/paths.go:10.26,11.39 1 1
integration-suricata-ndpi/integration/paths.go:11.39,13.4 1 1
integration-suricata-ndpi/integration/paths.go:15.2,15.85 1 1
integration-suricata-ndpi/integration/service_manager.go:16.61,18.16 2 1
integration-suricata-ndpi/integration/service_manager.go:18.16,20.3 1 1
integration-suricata-ndpi/integration/service_manager.go:22.2,25.16 3 1
integration-suricata-ndpi/integration/service_manager.go:25.16,27.3 1 0
integration-suricata-ndpi/integration/service_manager.go:29.2,29.40 1 1
integration-suricata-ndpi/integration/service_manager.go:29.40,31.3 1 1
integration-suricata-ndpi/integration/service_manager.go:33.2,35.16 3 1
integration-suricata-ndpi/integration/service_manager.go:35.16,37.3 1 0
integration-suricata-ndpi/integration/service_manager.go:38.2,41.12 3 1
integration-suricata-ndpi/integration/types.go:13.40,14.31 1 1
integration-suricata-ndpi/integration/types.go:14.31,16.3 1 1
integration-suricata-ndpi/integration/types.go:17.2,17.23 1 1
integration-suricata-ndpi/integration/validate_config.go:16.77,24.16 3 1
integration-suricata-ndpi/integration/validate_config.go:24.16,25.25 1 1
integration-suricata-ndpi/integration/validate_config.go:25.25,27.4 1 1
integration-suricata-ndpi/integration/validate_config.go:28.3,28.111 1 0
integration-suricata-ndpi/integration/validate_config.go:30.2,30.19 1 1
integration-suricata-ndpi/integration/validate_config.go:30.19,32.3 1 0
integration-suricata-ndpi/integration/validate_config.go:35.2,36.16 2 1
integration-suricata-ndpi/integration/validate_config.go:36.16,38.3 1 0
integration-suricata-ndpi/integration/validate_config.go:39.2,39.21 1 1
integration-suricata-ndpi/integration/validate_config.go:39.21,41.3 1 1
integration-suricata-ndpi/integration/validate_config.go:44.2,45.16 2 1
integration-suricata-ndpi/integration/validate_config.go:45.16,46.25 1 1
integration-suricata-ndpi/integration/validate_config.go:46.25,48.4 1 1
integration-suricata-ndpi/integration/validate_config.go:49.3,49.97 1 0
integration-suricata-ndpi/integration/validate_config.go:51.2,51.22 1 1
integration-suricata-ndpi/integration/validate_config.go:51.22,53.3 1 1
integration-suricata-ndpi/integration/validate_config.go:55.2,56.12 2 1
integration-suricata-ndpi/integration/validate_ndpi_config.go:24.9,35.76 2 1
integration-suricata-ndpi/integration/validate_ndpi_config.go:35.76,37.3 1 1
integration-suricata-ndpi/integration/validate_ndpi_config.go:39.2,39.90 1 1
integration-suricata-ndpi/integration/validate_ndpi_config.go:39.90,41.3 1 1
integration-suricata-ndpi/integration/validate_ndpi_config.go:42.2,43.25 2 1
integration-suricata-ndpi/integration/validate_ndpi_config.go:43.25,47.3 1 1
integration-suricata-ndpi/integration/validate_ndpi_config.go:49.2,50.16 2 1
integration-suricata-ndpi/integration/validate_ndpi_config.go:50.16,52.3 1 1
integration-suricata-ndpi/integration/validate_ndpi_config.go:54.2,56.50 2 1
integration-suricata-ndpi/integration/validate_ndpi_config.go:56.50,58.3 1 0
integration-suricata-ndpi/integration/validate_ndpi_config.go:59.2,59.135 1 1
integration-suricata-ndpi/integration/validate_ndpi_config.go:59.135,61.3 1 0
integration-suricata-ndpi/integration/validate_ndpi_config.go:63.2,63.36 1 1
integration-suricata-ndpi/integration/validate_ndpi_config.go:63.36,64.61 1 1
integration-suricata-ndpi/integration/validate_ndpi_config.go:64.61,68.4 1 1
integration-suricata-ndpi/integration/validate_ndpi_config.go:71.2,71.65 1 1
integration-suricata-ndpi/integration/validate_ndpi_config.go:71.65,73.3 1 1
integration-suricata-ndpi/integration/validate_ndpi_config.go:75.2,76.33 2 1
integration-suricata-ndpi/integration/validate_ndpi_config.go:76.33,78.3 1 0
integration-suricata-ndpi/integration/validate_ndpi_config.go:79.2,79.52 1 1
integration-suricata-ndpi/integration/validate_ndpi_config.go:79.52,83.3 1 1
integration-suricata-ndpi/integration/validate_ndpi_config.go:85.2,85.24 1 1
integration-suricata-ndpi/integration/validate_ndpi_config.go:85.24,87.3 1 0
integration-suricata-ndpi/integration/validate_ndpi_config.go:89.2,90.12 2 1
integration-suricata-ndpi/integration/validate_ndpi_config.go:93.49,95.16 2 1
integration-suricata-ndpi/integration/validate_ndpi_config.go:95.16,96.25 1 1
integration-suricata-ndpi/integration/validate_ndpi_config.go:96.25,98.4 1 1
integration-suricata-ndpi/integration/validate_ndpi_config.go:99.3,99.81 1 0
integration-suricata-ndpi/integration/validate_ndpi_config.go:101.2,101.18 1 1
integration-suricata-ndpi/integration/validate_ndpi_config.go:101.18,103.3 1 1
integration-suricata-ndpi/integration/validate_ndpi_config.go:104.2,104.12 1 1
integration-suricata-ndpi/integration/validate_ndpi_config.go:107.48,109.16 2 1
integration-suricata-ndpi/integration/validate_ndpi_config.go:109.16,110.25 1 1
integration-suricata-ndpi/integration/validate_ndpi_config.go:110.25,112.4 1 1
integration-suricata-ndpi/integration/validate_ndpi_config.go:113.3,113.81 1 0
integration-suricata-ndpi/integration/validate_ndpi_config.go:115.2,115.19 1 1
integration-suricata-ndpi/integration/validate_ndpi_config.go:115.19,117.3 1 1
integration-suricata-ndpi/integration/validate_ndpi_config.go:118.2,118.12 1 1
